c:\users\anonymity\documents\visual studio 2015\projects\mergesort\debug\mergesort.bsc
c:\users\anonymity\documents\visual studio 2015\projects\mergesort\mergesort\debug\mergesort.pch
c:\users\anonymity\documents\visual studio 2015\projects\mergesort\mergesort\debug\vc140.pdb
c:\users\anonymity\documents\visual studio 2015\projects\mergesort\mergesort\debug\vc140.idb
c:\users\anonymity\documents\visual studio 2015\projects\mergesort\mergesort\debug\stdafx.obj
c:\users\anonymity\documents\visual studio 2015\projects\mergesort\mergesort\debug\stdafx.sbr
c:\users\anonymity\documents\visual studio 2015\projects\mergesort\mergesort\debug\mergesort.sbr
c:\users\anonymity\documents\visual studio 2015\projects\mergesort\mergesort\debug\mergesort.obj
c:\users\anonymity\documents\visual studio 2015\projects\mergesort\debug\mergesort.ilk
c:\users\anonymity\documents\visual studio 2015\projects\mergesort\debug\mergesort.exe
c:\users\anonymity\documents\visual studio 2015\projects\mergesort\debug\mergesort.pdb
c:\users\anonymity\documents\visual studio 2015\projects\mergesort\mergesort\debug\mergesort.tlog\bscmake.command.1.tlog
c:\users\anonymity\documents\visual studio 2015\projects\mergesort\mergesort\debug\mergesort.tlog\bscmake.read.1.tlog
c:\users\anonymity\documents\visual studio 2015\projects\mergesort\mergesort\debug\mergesort.tlog\bscmake.write.1.tlog
c:\users\anonymity\documents\visual studio 2015\projects\mergesort\mergesort\debug\mergesort.tlog\cl.command.1.tlog
c:\users\anonymity\documents\visual studio 2015\projects\mergesort\mergesort\debug\mergesort.tlog\cl.read.1.tlog
c:\users\anonymity\documents\visual studio 2015\projects\mergesort\mergesort\debug\mergesort.tlog\cl.write.1.tlog
c:\users\anonymity\documents\visual studio 2015\projects\mergesort\mergesort\debug\mergesort.tlog\link.command.1.tlog
c:\users\anonymity\documents\visual studio 2015\projects\mergesort\mergesort\debug\mergesort.tlog\link.read.1.tlog
c:\users\anonymity\documents\visual studio 2015\projects\mergesort\mergesort\debug\mergesort.tlog\link.write.1.tlog
